This is pdfTeX, Version 3.14159265-2.6-1.40.20 (TeX Live 2019/Arch Linux) (preloaded format=pdflatex 2020.2.18)  1 MAR 2020 12:45
entering extended mode
 restricted \write18 enabled.
 %&-line parsing enabled.
**ijcst.tex
(./ijcst.tex
LaTeX2e <2019-10-01> patch level 1
(./ieeeconf.cls
Document Class: ieeeconf 2004/1/15 revision V1.6b by Pradeep Misra
\@IEEEtrantmpdimenA=\dimen102
\@IEEEtrantmpdimenB=\dimen103
\@IEEEtrantmpcountA=\count80
\@IEEEtrantmpcountB=\count81
\@IEEEtrantmptoksA=\toks14
LaTeX Font Info:    Trying to load font information for OT1+ptm on input line 7
92.
(/usr/share/texmf-dist/tex/latex/psnfss/ot1ptm.fd
File: ot1ptm.fd 2001/06/04 font definitions for OT1/ptm.
)
\@IEEEnormalsizefontbaselineskip=\skip41

-- This is a 12 point document.
\normalsizebaselineskip=\skip42
\normaljot=\skip43
LaTeX Font Info:    Font shape `OT1/ptm/bx/n' in size <6> not available
(Font)              Font shape `OT1/ptm/b/n' tried instead on input line 1111.
LaTeX Font Info:    Font shape `OT1/ptm/bx/it' in size <6> not available
(Font)              Font shape `OT1/ptm/b/it' tried instead on input line 1111.

LaTeX Font Info:    Font shape `OT1/ptm/bx/n' in size <8> not available
(Font)              Font shape `OT1/ptm/b/n' tried instead on input line 1111.
LaTeX Font Info:    Font shape `OT1/ptm/bx/it' in size <8> not available
(Font)              Font shape `OT1/ptm/b/it' tried instead on input line 1111.

LaTeX Font Info:    Font shape `OT1/ptm/bx/n' in size <9> not available
(Font)              Font shape `OT1/ptm/b/n' tried instead on input line 1111.
LaTeX Font Info:    Font shape `OT1/ptm/bx/it' in size <9> not available
(Font)              Font shape `OT1/ptm/b/it' tried instead on input line 1111.

LaTeX Font Info:    Font shape `OT1/ptm/bx/n' in size <10> not available
(Font)              Font shape `OT1/ptm/b/n' tried instead on input line 1111.
LaTeX Font Info:    Font shape `OT1/ptm/bx/it' in size <10> not available
(Font)              Font shape `OT1/ptm/b/it' tried instead on input line 1111.

LaTeX Font Info:    Font shape `OT1/ptm/bx/n' in size <12> not available
(Font)              Font shape `OT1/ptm/b/n' tried instead on input line 1111.
LaTeX Font Info:    Font shape `OT1/ptm/bx/it' in size <12> not available
(Font)              Font shape `OT1/ptm/b/it' tried instead on input line 1111.

LaTeX Font Info:    Font shape `OT1/ptm/bx/n' in size <14> not available
(Font)              Font shape `OT1/ptm/b/n' tried instead on input line 1111.
LaTeX Font Info:    Font shape `OT1/ptm/bx/it' in size <14> not available
(Font)              Font shape `OT1/ptm/b/it' tried instead on input line 1111.

LaTeX Font Info:    Font shape `OT1/ptm/bx/n' in size <20> not available
(Font)              Font shape `OT1/ptm/b/n' tried instead on input line 1111.
LaTeX Font Info:    Font shape `OT1/ptm/bx/it' in size <20> not available
(Font)              Font shape `OT1/ptm/b/it' tried instead on input line 1111.

LaTeX Font Info:    Font shape `OT1/ptm/bx/n' in size <22> not available
(Font)              Font shape `OT1/ptm/b/n' tried instead on input line 1111.
LaTeX Font Info:    Font shape `OT1/ptm/bx/it' in size <22> not available
(Font)              Font shape `OT1/ptm/b/it' tried instead on input line 1111.

LaTeX Font Info:    Font shape `OT1/ptm/bx/n' in size <24> not available
(Font)              Font shape `OT1/ptm/b/n' tried instead on input line 1111.
LaTeX Font Info:    Font shape `OT1/ptm/bx/it' in size <24> not available
(Font)              Font shape `OT1/ptm/b/it' tried instead on input line 1111.

\IEEEilabelindentA=\dimen104
\IEEEilabelindentB=\dimen105
\IEEEilabelindent=\dimen106
\IEEEelabelindent=\dimen107
\IEEEdlabelindent=\dimen108
\labelindent=\dimen109
\IEEEiednormlabelsep=\dimen110
\IEEEiedmathlabelsep=\dimen111
\IEEEiedtopsep=\skip44
\c@section=\count82
\c@subsection=\count83
\c@subsubsection=\count84
\c@paragraph=\count85
\c@IEEEsubequation=\count86
\abovecaptionskip=\skip45
\belowcaptionskip=\skip46
\c@figure=\count87
\c@table=\count88
\@IEEEeqnnumcols=\count89
\@IEEEeqncolcnt=\count90
\@IEEEtmpitemindent=\dimen112
\c@biography=\count91
\@IEEEtranrubishbin=\box27
)
** ATTENTION: Overriding command lockouts (line 4).
** ATTENTION: Overriding IEEE standard margins (line 7).
(/usr/share/texmf-dist/tex/latex/biblatex/biblatex.sty
Package: biblatex 2019/08/31 v3.13a programmable bibliographies (PK/MW)

(/usr/share/texmf-dist/tex/generic/oberdiek/pdftexcmds.sty
Package: pdftexcmds 2019/07/25 v0.30 Utility functions of pdfTeX for LuaTeX (HO
)

(/usr/share/texmf-dist/tex/generic/oberdiek/infwarerr.sty
Package: infwarerr 2016/05/16 v1.4 Providing info/warning/error messages (HO)
)
(/usr/share/texmf-dist/tex/generic/oberdiek/ifluatex.sty
Package: ifluatex 2016/05/16 v1.4 Provides the ifluatex switch (HO)
Package ifluatex Info: LuaTeX not detected.
)
(/usr/share/texmf-dist/tex/generic/oberdiek/ltxcmds.sty
Package: ltxcmds 2016/05/16 v1.23 LaTeX kernel commands for general use (HO)
)
(/usr/share/texmf-dist/tex/generic/oberdiek/ifpdf.sty
Package: ifpdf 2018/09/07 v3.3 Provides the ifpdf switch
)
Package pdftexcmds Info: LuaTeX not detected.
Package pdftexcmds Info: \pdf@primitive is available.
Package pdftexcmds Info: \pdf@ifprimitive is available.
Package pdftexcmds Info: \pdfdraftmode found.
)
(/usr/share/texmf-dist/tex/latex/etoolbox/etoolbox.sty
Package: etoolbox 2019/09/21 v2.5h e-TeX tools for LaTeX (JAW)
\etb@tempcnta=\count92
)
(/usr/share/texmf-dist/tex/latex/graphics/keyval.sty
Package: keyval 2014/10/28 v1.15 key=value parser (DPC)
\KV@toks@=\toks15
)
(/usr/share/texmf-dist/tex/latex/oberdiek/kvoptions.sty
Package: kvoptions 2016/05/16 v3.12 Key value format for package options (HO)

(/usr/share/texmf-dist/tex/generic/oberdiek/kvsetkeys.sty
Package: kvsetkeys 2016/05/16 v1.17 Key value parser (HO)

(/usr/share/texmf-dist/tex/generic/oberdiek/etexcmds.sty
Package: etexcmds 2016/05/16 v1.6 Avoid name clashes with e-TeX commands (HO)
)))
(/usr/share/texmf-dist/tex/latex/logreq/logreq.sty
Package: logreq 2010/08/04 v1.0 xml request logger
\lrq@indent=\count93

(/usr/share/texmf-dist/tex/latex/logreq/logreq.def
File: logreq.def 2010/08/04 v1.0 logreq spec v1.0
))
(/usr/share/texmf-dist/tex/latex/base/ifthen.sty
Package: ifthen 2014/09/29 v1.1c Standard LaTeX ifthen package (DPC)
)
(/usr/share/texmf-dist/tex/latex/url/url.sty
\Urlmuskip=\muskip10
Package: url 2013/09/16  ver 3.4  Verb mode for urls, etc.
)
\c@tabx@nest=\count94
\c@listtotal=\count95
\c@listcount=\count96
\c@liststart=\count97
\c@liststop=\count98
\c@citecount=\count99
\c@citetotal=\count100
\c@multicitecount=\count101
\c@multicitetotal=\count102
\c@instcount=\count103
\c@maxnames=\count104
\c@minnames=\count105
\c@maxitems=\count106
\c@minitems=\count107
\c@citecounter=\count108
\c@maxcitecounter=\count109
\c@savedcitecounter=\count110
\c@uniquelist=\count111
\c@uniquename=\count112
\c@refsection=\count113
\c@refsegment=\count114
\c@maxextratitle=\count115
\c@maxextratitleyear=\count116
\c@maxextraname=\count117
\c@maxextradate=\count118
\c@maxextraalpha=\count119
\c@abbrvpenalty=\count120
\c@highnamepenalty=\count121
\c@lownamepenalty=\count122
\c@maxparens=\count123
\c@parenlevel=\count124
\blx@tempcnta=\count125
\blx@tempcntb=\count126
\blx@tempcntc=\count127
\blx@maxsection=\count128
\blx@maxsegment@0=\count129
\blx@notetype=\count130
\blx@parenlevel@text=\count131
\blx@parenlevel@foot=\count132
\blx@sectionciteorder@0=\count133
\blx@entrysetcounter=\count134
\labelnumberwidth=\skip47
\labelalphawidth=\skip48
\biblabelsep=\skip49
\bibitemsep=\skip50
\bibnamesep=\skip51
\bibinitsep=\skip52
\bibparsep=\skip53
\bibhang=\skip54
\blx@bcfin=\read1
\blx@bcfout=\write3
\blx@langwohyphens=\language85
\c@mincomprange=\count135
\c@maxcomprange=\count136
\c@mincompwidth=\count137
Package biblatex Info: Trying to load biblatex default data model...
Package biblatex Info: ... file 'blx-dm.def' found.

(/usr/share/texmf-dist/tex/latex/biblatex/blx-dm.def
File: blx-dm.def 2019/08/31 v3.13a biblatex localization (PK/MW)
)
Package biblatex Info: Trying to load biblatex style data model...
Package biblatex Info: ... file 'numeric.dbx' not found.
Package biblatex Info: Trying to load biblatex custom data model...
Package biblatex Info: ... file 'biblatex-dm.cfg' not found.
\c@afterword=\count138
\c@savedafterword=\count139
\c@annotator=\count140
\c@savedannotator=\count141
\c@author=\count142
\c@savedauthor=\count143
\c@bookauthor=\count144
\c@savedbookauthor=\count145
\c@commentator=\count146
\c@savedcommentator=\count147
\c@editor=\count148
\c@savededitor=\count149
\c@editora=\count150
\c@savededitora=\count151
\c@editorb=\count152
\c@savededitorb=\count153
\c@editorc=\count154
\c@savededitorc=\count155
\c@foreword=\count156
\c@savedforeword=\count157
\c@holder=\count158
\c@savedholder=\count159
\c@introduction=\count160
\c@savedintroduction=\count161
\c@namea=\count162
\c@savednamea=\count163
\c@nameb=\count164
\c@savednameb=\count165
\c@namec=\count166
\c@savednamec=\count167
\c@translator=\count168
\c@savedtranslator=\count169
\c@shortauthor=\count170
\c@savedshortauthor=\count171
\c@shorteditor=\count172
\c@savedshorteditor=\count173
\c@labelname=\count174
\c@savedlabelname=\count175
\c@institution=\count176
\c@savedinstitution=\count177
\c@lista=\count178
\c@savedlista=\count179
\c@listb=\count180
\c@savedlistb=\count181
\c@listc=\count182
\c@savedlistc=\count183
\c@listd=\count184
\c@savedlistd=\count185
\c@liste=\count186
\c@savedliste=\count187
\c@listf=\count188
\c@savedlistf=\count189
\c@location=\count190
\c@savedlocation=\count191
\c@organization=\count192
\c@savedorganization=\count193
\c@origlocation=\count194
\c@savedoriglocation=\count195
\c@origpublisher=\count196
\c@savedorigpublisher=\count197
\c@publisher=\count198
\c@savedpublisher=\count199
\c@language=\count266
\c@savedlanguage=\count267
\c@origlanguage=\count268
\c@savedoriglanguage=\count269
\c@pageref=\count270
\c@savedpageref=\count271
\shorthandwidth=\skip55
\shortjournalwidth=\skip56
\shortserieswidth=\skip57
\shorttitlewidth=\skip58
\shortauthorwidth=\skip59
\shorteditorwidth=\skip60
\locallabelnumberwidth=\skip61
\locallabelalphawidth=\skip62
\localshorthandwidth=\skip63
\localshortjournalwidth=\skip64
\localshortserieswidth=\skip65
\localshorttitlewidth=\skip66
\localshortauthorwidth=\skip67
\localshorteditorwidth=\skip68
Package biblatex Info: Trying to load compatibility code...
Package biblatex Info: ... file 'blx-compat.def' found.

(/usr/share/texmf-dist/tex/latex/biblatex/blx-compat.def
File: blx-compat.def 2019/08/31 v3.13a biblatex compatibility (PK/MW)
)
Package biblatex Info: Trying to load BibTeX backend compatibility...
Package biblatex Info: ... file 'blx-bibtex.def' found.

(/usr/share/texmf-dist/tex/latex/biblatex/blx-bibtex.def
File: blx-bibtex.def 2019/08/31 v3.13a biblatex compatibility (PK/MW)


Package biblatex Warning: Using fall-back BibTeX(8) backend:
(biblatex)                functionality may be reduced/unavailable.

)
Package biblatex Info: Trying to load generic definitions...
Package biblatex Info: ... file 'biblatex.def' found.
 (/usr/share/texmf-dist/tex/latex/biblatex/biblatex.def
File: biblatex.def 2019/08/31 v3.13a biblatex compatibility (PK/MW)
\c@textcitecount=\count272
\c@textcitetotal=\count273
\c@textcitemaxnames=\count274
\c@biburlbigbreakpenalty=\count275
\c@biburlbreakpenalty=\count276
\c@biburlnumpenalty=\count277
\c@biburlucpenalty=\count278
\c@biburllcpenalty=\count279
\biburlbigskip=\muskip11
\biburlnumskip=\muskip12
\biburlucskip=\muskip13
\biburllcskip=\muskip14
\c@smartand=\count280
)
Package biblatex Info: Trying to load bibliography style 'numeric'...
Package biblatex Info: ... file 'numeric.bbx' found.

(/usr/share/texmf-dist/tex/latex/biblatex/bbx/numeric.bbx
File: numeric.bbx 2019/08/31 v3.13a biblatex bibliography style (PK/MW)
Package biblatex Info: Trying to load bibliography style 'standard'...
Package biblatex Info: ... file 'standard.bbx' found.

(/usr/share/texmf-dist/tex/latex/biblatex/bbx/standard.bbx
File: standard.bbx 2019/08/31 v3.13a biblatex bibliography style (PK/MW)
\c@bbx:relatedcount=\count281
\c@bbx:relatedtotal=\count282
))
Package biblatex Info: Trying to load citation style 'numeric-comp'...
Package biblatex Info: ... file 'numeric-comp.cbx' found.

(/usr/share/texmf-dist/tex/latex/biblatex/cbx/numeric-comp.cbx
File: numeric-comp.cbx 2019/08/31 v3.13a biblatex citation style (PK/MW)
\c@cbx@tempcnta=\count283
\c@cbx@tempcntb=\count284
Package biblatex Info: Redefining '\cite'.
Package biblatex Info: Redefining '\parencite'.
Package biblatex Info: Redefining '\footcite'.
Package biblatex Info: Redefining '\footcitetext'.
Package biblatex Info: Redefining '\smartcite'.
Package biblatex Info: Redefining '\supercite'.
Package biblatex Info: Redefining '\textcite'.
Package biblatex Info: Redefining '\textcites'.
Package biblatex Info: Redefining '\cites'.
Package biblatex Info: Redefining '\parencites'.
Package biblatex Info: Redefining '\smartcites'.
)
Package biblatex Info: Trying to load configuration file...
Package biblatex Info: ... file 'biblatex.cfg' found.

(/usr/share/texmf-dist/tex/latex/biblatex/biblatex.cfg
File: biblatex.cfg 
))
(/usr/share/texmf-dist/tex/latex/amsmath/amsmath.sty
Package: amsmath 2019/04/01 v2.17c AMS math features
\@mathmargin=\skip69

For additional information on amsmath, use the `?' option.
(/usr/share/texmf-dist/tex/latex/amsmath/amstext.sty
Package: amstext 2000/06/29 v2.01 AMS text

(/usr/share/texmf-dist/tex/latex/amsmath/amsgen.sty
File: amsgen.sty 1999/11/30 v2.0 generic functions
\@emptytoks=\toks16
\ex@=\dimen113
))
(/usr/share/texmf-dist/tex/latex/amsmath/amsbsy.sty
Package: amsbsy 1999/11/29 v1.2d Bold Symbols
\pmbraise@=\dimen114
)
(/usr/share/texmf-dist/tex/latex/amsmath/amsopn.sty
Package: amsopn 2016/03/08 v2.02 operator names
)
\inf@bad=\count285
LaTeX Info: Redefining \frac on input line 227.
\uproot@=\count286
\leftroot@=\count287
LaTeX Info: Redefining \overline on input line 389.
\classnum@=\count288
\DOTSCASE@=\count289
LaTeX Info: Redefining \ldots on input line 486.
LaTeX Info: Redefining \dots on input line 489.
LaTeX Info: Redefining \cdots on input line 610.
\Mathstrutbox@=\box28
\strutbox@=\box29
\big@size=\dimen115
LaTeX Font Info:    Redeclaring font encoding OML on input line 733.
LaTeX Font Info:    Redeclaring font encoding OMS on input line 734.
\macc@depth=\count290
\c@MaxMatrixCols=\count291
\dotsspace@=\muskip15
\c@parentequation=\count292
\dspbrk@lvl=\count293
\tag@help=\toks17
\row@=\count294
\column@=\count295
\maxfields@=\count296
\andhelp@=\toks18
\eqnshift@=\dimen116
\alignsep@=\dimen117
\tagshift@=\dimen118
\tagwidth@=\dimen119
\totwidth@=\dimen120
\lineht@=\dimen121
\@envbody=\toks19
\multlinegap=\skip70
\multlinetaggap=\skip71
\mathdisplay@stack=\toks20
LaTeX Info: Redefining \[ on input line 2855.
LaTeX Info: Redefining \] on input line 2856.
)
(/usr/share/texmf-dist/tex/latex/graphics/graphicx.sty
Package: graphicx 2017/06/01 v1.1a Enhanced LaTeX Graphics (DPC,SPQR)

(/usr/share/texmf-dist/tex/latex/graphics/graphics.sty
Package: graphics 2019/10/08 v1.3c Standard LaTeX Graphics (DPC,SPQR)

(/usr/share/texmf-dist/tex/latex/graphics/trig.sty
Package: trig 2016/01/03 v1.10 sin cos tan (DPC)
)
(/usr/share/texmf-dist/tex/latex/graphics-cfg/graphics.cfg
File: graphics.cfg 2016/06/04 v1.11 sample graphics configuration
)
Package graphics Info: Driver file: pdftex.def on input line 105.

(/usr/share/texmf-dist/tex/latex/graphics-def/pdftex.def
File: pdftex.def 2018/01/08 v1.0l Graphics/color driver for pdftex
))
\Gin@req@height=\dimen122
\Gin@req@width=\dimen123
)
(/usr/share/texmf-dist/tex/latex/subfig/subfig.sty
Package: subfig 2005/06/28 ver: 1.3 subfig package


Package subfig Warning: Your document class has a bad definition
 of \endfigure, most likely
 \let\endfigure=\end@float
 which has now been changed to
 \def\endfigure{\end@float}
 because otherwise subsequent changes to \end@float
 (like done by several packages changing float behaviour)
 can't take effect on \endfigure.
 Please complain to your document class author.


Package subfig Warning: Your document class has a bad definition
 of \endtable, most likely
 \let\endtable=\end@float
 which has now been changed to
 \def\endtable{\end@float}
 because otherwise subsequent changes to \end@float
 (like done by several packages changing float behaviour)
 can't take effect on \endtable.
 Please complain to your document class author.

(/usr/share/texmf-dist/tex/latex/caption/caption.sty
Package: caption 2019/09/01 v3.3d Customizing captions (AR)

(/usr/share/texmf-dist/tex/latex/caption/caption3.sty
Package: caption3 2019/09/01 v1.8d caption3 kernel (AR)
Package caption3 Info: TeX engine: e-TeX on input line 64.
\captionmargin=\dimen124
\captionmargin@=\dimen125
\captionwidth=\dimen126
\caption@tempdima=\dimen127
\caption@indent=\dimen128
\caption@parindent=\dimen129
\caption@hangindent=\dimen130
Package caption Info: Unknown document class (or package),
(caption)             standard defaults will be used.
)

Package caption Warning: Unsupported document class (or package) detected,
(caption)                usage of the caption package is not recommended.
See the caption package documentation for explanation.

Package caption Info: \@makecaption = \long macro:#1#2->\ifx \@captype \@IEEEta
blestring \begin {center}{\footnotesize #1}\\{\footnotesize \scshape #2}\end {c
enter}\@IEEEtablecaptionsepspace \else \@IEEEfigurecaptionsepspace \setbox \@te
mpboxa \hbox {\footnotesize #1.~~ #2}\ifdim \wd \@tempboxa >\hsize \setbox \@te
mpboxa \hbox {\footnotesize #1.~~ }\parbox [t]{\hsize }{\footnotesize \noindent
 \unhbox \@tempboxa #2}\else \ifcenterfigcaptions \hbox to\hsize {\footnotesize
 \hfil \box \@tempboxa \hfil }\else \hbox to\hsize {\footnotesize \box \@tempbo
xa \hfil }\fi \fi \fi .
\c@caption@flags=\count297
\c@ContinuedFloat=\count298
)
\c@KVtest=\count299
\sf@farskip=\skip72
\sf@captopadj=\dimen131
\sf@capskip=\skip73
\sf@nearskip=\skip74
\c@subfigure=\count300
\c@subfigure@save=\count301
\c@lofdepth=\count302
\c@subtable=\count303
\c@subtable@save=\count304
\c@lotdepth=\count305
\sf@top=\skip75
\sf@bottom=\skip76
) (/usr/share/texmf-dist/tex/latex/algorithms/algorithm.sty
Package: algorithm 2009/08/24 v0.1 Document Style `algorithm' - floating enviro
nment

(/usr/share/texmf-dist/tex/latex/float/float.sty
Package: float 2001/11/08 v1.3d Float enhancements (AL)
\c@float@type=\count306
\float@exts=\toks21
\float@box=\box30
\@float@everytoks=\toks22
\@floatcapt=\box31
)
\@float@every@algorithm=\toks23
\c@algorithm=\count307
)
(/usr/share/texmf-dist/tex/latex/algorithms/algorithmic.sty
Package: algorithmic 2009/08/24 v0.1 Document Style `algorithmic'
\c@ALC@unique=\count308
\c@ALC@line=\count309
\c@ALC@rem=\count310
\c@ALC@depth=\count311
\ALC@tlm=\skip77
\algorithmicindent=\skip78
)
(/usr/share/texmf-dist/tex/latex/tools/tabularx.sty
Package: tabularx 2016/02/03 v2.11b `tabularx' package (DPC)

(/usr/share/texmf-dist/tex/latex/tools/array.sty
Package: array 2019/08/31 v2.4l Tabular extension package (FMi)
\col@sep=\dimen132
\ar@mcellbox=\box32
\extrarowheight=\dimen133
\NC@list=\toks24
\extratabsurround=\skip79
\backup@length=\skip80
\ar@cellbox=\box33
)
\TX@col@width=\dimen134
\TX@old@table=\dimen135
\TX@old@col=\dimen136
\TX@target=\dimen137
\TX@delta=\dimen138
\TX@cols=\count312
\TX@ftn=\toks25
)
(/usr/share/texmf-dist/tex/latex/booktabs/booktabs.sty
Package: booktabs 2019/10/08 v1.6180339 publication quality tables
\heavyrulewidth=\dimen139
\lightrulewidth=\dimen140
\cmidrulewidth=\dimen141
\belowrulesep=\dimen142
\belowbottomsep=\dimen143
\aboverulesep=\dimen144
\abovetopsep=\dimen145
\cmidrulesep=\dimen146
\cmidrulekern=\dimen147
\defaultaddspace=\dimen148
\@cmidla=\count313
\@cmidlb=\count314
\@aboverulesep=\dimen149
\@belowrulesep=\dimen150
\@thisruleclass=\count315
\@lastruleclass=\count316
\@thisrulewidth=\dimen151
)
(/usr/share/texmf-dist/tex/latex/preprint/authblk.sty
Package: authblk 2001/02/27 1.3 (PWD)
\affilsep=\skip81
\@affilsep=\skip82
\c@Maxaffil=\count317
\c@authors=\count318
\c@affil=\count319
)
Package biblatex Info: Trying to load language 'english'...
Package biblatex Info: ... file 'english.lbx' found.

(/usr/share/texmf-dist/tex/latex/biblatex/lbx/english.lbx
File: english.lbx 2019/08/31 v3.13a biblatex localization (PK/MW)
)
\@quotelevel=\count320
\@quotereset=\count321
 (./ijcst.aux)
\openout1 = `ijcst.aux'.

LaTeX Font Info:    Checking defaults for OML/cmm/m/it on input line 44.
LaTeX Font Info:    ... okay on input line 44.
LaTeX Font Info:    Checking defaults for T1/cmr/m/n on input line 44.
LaTeX Font Info:    ... okay on input line 44.
LaTeX Font Info:    Checking defaults for OT1/cmr/m/n on input line 44.
LaTeX Font Info:    ... okay on input line 44.
LaTeX Font Info:    Checking defaults for OMS/cmsy/m/n on input line 44.
LaTeX Font Info:    ... okay on input line 44.
LaTeX Font Info:    Checking defaults for OMX/cmex/m/n on input line 44.
LaTeX Font Info:    ... okay on input line 44.
LaTeX Font Info:    Checking defaults for U/cmr/m/n on input line 44.
LaTeX Font Info:    ... okay on input line 44.
Package biblatex Info: No input encoding detected.
(biblatex)             Assuming 'ascii'.
Package biblatex Info: Automatic encoding selection.
(biblatex)             Assuming data encoding 'ascii'.
Package biblatex Info: Input encoding 'ascii' specified.
Package biblatex Info: Data encoding 'ascii' specified.
(biblatex)             No need to reencode data.
\openout3 = `ijcst-blx.bib'.

Package biblatex Info: Trying to load bibliographic data...
Package biblatex Info: ... file 'ijcst.bbl' found.

(./ijcst.bbl

Package biblatex Warning: BibTeX reported the following issues
(biblatex)                with 'Zakerzadeh2014':
(biblatex)                - Invalid format of field 'month'.

)
Package biblatex Info: Reference section=0 on input line 44.
Package biblatex Info: Reference segment=0 on input line 44.
 (/usr/share/texmf-dist/tex/context/base/mkii/supp-pdf.mkii
[Loading MPS to PDF converter (version 2006.09.02).]
\scratchcounter=\count322
\scratchdimen=\dimen152
\scratchbox=\box34
\nofMPsegments=\count323
\nofMParguments=\count324
\everyMPshowfont=\toks26
\MPscratchCnt=\count325
\MPscratchDim=\dimen153
\MPnumerator=\count326
\makeMPintoPDFobject=\count327
\everyMPtoPDFconversion=\toks27
) (/usr/share/texmf-dist/tex/latex/oberdiek/epstopdf-base.sty
Package: epstopdf-base 2016/05/15 v2.6 Base part for package epstopdf

(/usr/share/texmf-dist/tex/latex/oberdiek/grfext.sty
Package: grfext 2016/05/16 v1.2 Manage graphics extensions (HO)

(/usr/share/texmf-dist/tex/generic/oberdiek/kvdefinekeys.sty
Package: kvdefinekeys 2016/05/16 v1.4 Define keys (HO)
))
Package epstopdf-base Info: Redefining graphics rule for `.eps' on input line 4
38.
Package grfext Info: Graphics extension search list:
(grfext)             [.pdf,.png,.jpg,.mps,.jpeg,.jbig2,.jb2,.PDF,.PNG,.JPG,.JPE
G,.JBIG2,.JB2,.eps]
(grfext)             \AppendGraphicsExtensions on input line 456.

(/usr/share/texmf-dist/tex/latex/latexconfig/epstopdf-sys.cfg
File: epstopdf-sys.cfg 2010/07/13 v1.3 Configuration of (r)epstopdf for TeX Liv
e
))
Package caption Info: Begin \AtBeginDocument code.
Package caption Info: subfig package v1.3 is loaded.
Package caption Info: float package is loaded.
Package caption Info: End \AtBeginDocument code.
LaTeX Font Info:    Font shape `OT1/ptm/bx/n' in size <17> not available
(Font)              Font shape `OT1/ptm/b/n' tried instead on input line 46.
LaTeX Font Info:    Calculating math sizes for size <14> on input line 46.
 [1{/var/lib/texmf/fonts/map/pdftex/updmap/pdftex.map}


]
Underfull \hbox (badness 2359) in paragraph at lines 66--67
[] \OT1/ptm/m/n/12 Trans-fer Learn-ing is the pro-cess of re-
 []


Underfull \hbox (badness 2617) in paragraph at lines 78--79
[] \OT1/ptm/m/n/12 The pro-posed method con-sists of meta-
 []

[2]
<../diagrams/first/FC.png, id=19, 793.96625pt x 799.98875pt>
File: ../diagrams/first/FC.png Graphic file (type png)
<use ../diagrams/first/FC.png>
Package pdftex.def Info: ../diagrams/first/FC.png  used on input line 92.
(pdftex.def)             Requested size: 793.96431pt x 799.9868pt.
<../diagrams/first/cyc.png, id=21, 425.59pt x 281.05pt>
File: ../diagrams/first/cyc.png Graphic file (type png)
<use ../diagrams/first/cyc.png>
Package pdftex.def Info: ../diagrams/first/cyc.png  used on input line 101.
(pdftex.def)             Requested size: 238.34686pt x 157.39978pt.
 [3 <../diagrams/first/FC.png> <../diagrams/first/cyc.png>]

LaTeX Warning: Reference `fig:hetrp' on page 4 undefined on input line 132.

<../diagrams/first/xcepGA.png, id=29, 390.45876pt x 279.0425pt>
File: ../diagrams/first/xcepGA.png Graphic file (type png)
<use ../diagrams/first/xcepGA.png>
Package pdftex.def Info: ../diagrams/first/xcepGA.png  used on input line 140.
(pdftex.def)             Requested size: 202.3529pt x 144.61328pt.
<../diagrams/first/xcepNoGA.png, id=30, 390.45876pt x 279.0425pt>
File: ../diagrams/first/xcepNoGA.png Graphic file (type png)
<use ../diagrams/first/xcepNoGA.png>
Package pdftex.def Info: ../diagrams/first/xcepNoGA.png  used on input line 145
.
(pdftex.def)             Requested size: 202.3529pt x 144.61328pt.
<../diagrams/first/incepConf.png, id=31, 361.35pt x 279.0425pt>
File: ../diagrams/first/incepConf.png Graphic file (type png)
<use ../diagrams/first/incepConf.png>
Package pdftex.def Info: ../diagrams/first/incepConf.png  used on input line 15
7.
(pdftex.def)             Requested size: 202.3529pt x 156.26273pt.
<../diagrams/first/dense3Conf.png, id=32, 361.35pt x 279.0425pt>
File: ../diagrams/first/dense3Conf.png Graphic file (type png)
<use ../diagrams/first/dense3Conf.png>
Package pdftex.def Info: ../diagrams/first/dense3Conf.png  used on input line 1
62.
(pdftex.def)             Requested size: 202.3529pt x 156.26273pt.
<../diagrams/first/Dense2Conf.png, id=33, 361.35pt x 279.0425pt>
File: ../diagrams/first/Dense2Conf.png Graphic file (type png)
<use ../diagrams/first/Dense2Conf.png>
Package pdftex.def Info: ../diagrams/first/Dense2Conf.png  used on input line 1
67.
(pdftex.def)             Requested size: 202.3529pt x 156.26273pt.
<../diagrams/first/denseConf.png, id=34, 361.35pt x 279.0425pt>
File: ../diagrams/first/denseConf.png Graphic file (type png)
<use ../diagrams/first/denseConf.png>
Package pdftex.def Info: ../diagrams/first/denseConf.png  used on input line 17
2.
(pdftex.def)             Requested size: 202.3529pt x 156.26273pt.

LaTeX Warning: Float too large for page by 68.55481pt on input line 176.


Overfull \hbox (12.0pt too wide) in paragraph at lines 190--209
[]$[]$ 
 []

[4 <../diagrams/first/xcepGA.png> <../diagrams/first/xcepNoGA.png>]

LaTeX Warning: Reference `log_spikes' on page 5 undefined on input line 242.


Overfull \hbox (12.0pt too wide) in paragraph at lines 247--274
[]$[]$
 []

[5 <../diagrams/first/incepConf.png> <../diagrams/first/dense3Conf.png> <../dia
grams/first/Dense2Conf.png> <../diagrams/first/denseConf.png>]
Overfull \hbox (12.0pt too wide) in paragraph at lines 276--302
[]$[]$ 
 []


Overfull \hbox (12.0pt too wide) in paragraph at lines 306--333
[]$[]$ 
 []


Overfull \hbox (12.0pt too wide) in paragraph at lines 337--372
[]$[]$ 
 []

LaTeX Font Info:    Trying to load font information for OT1+pcr on input line 3
84.
(/usr/share/texmf-dist/tex/latex/psnfss/ot1pcr.fd
File: ot1pcr.fd 2001/06/04 font definitions for OT1/pcr.
) [6]
Underfull \hbox (badness 1394) in paragraph at lines 385--385
\OT1/ptm/m/it/12 plied Sci-ences and Tech-nol-ogy, IB-CAST
 []


Underfull \hbox (badness 4229) in paragraph at lines 385--385
\OT1/ptm/m/sc/12 issn\OT1/ptm/m/n/12 : 2169-3536. \OT1/ptm/m/sc/12 doi\OT1/ptm/
m/n/12 : $\OT1/pcr/m/n/12 10 . 1109 /
 []


Underfull \hbox (badness 1859) in paragraph at lines 385--385
\OT1/pcr/m/n/12 8678759https : / / ieeexplore .
 []


Underfull \hbox (badness 2189) in paragraph at lines 385--385
[]\OT1/ptm/m/n/12 Tha[]^^Pna A. Azevedo Tosta, Le-an-dro A.
 []


Underfull \hbox (badness 2591) in paragraph at lines 385--385
\OT1/ptm/m/n/12 ``Seg-men-ta-tion meth-ods of H&E-stained
 []


Underfull \hbox (badness 2393) in paragraph at lines 385--385
\OT1/ptm/m/n/12 ral net-works on spa-tial rep-re-sen-ta-tion''.
 []

Missing character: There is no Å in font ptmr7t!
Missing character: There is no ž in font ptmr7t!

Underfull \hbox (badness 10000) in paragraph at lines 385--385
\OT1/ptm/m/it/12 Pro-ce-dia Com-puter Sci-ence \OT1/ptm/m/n/12 132.June
 []


Underfull \hbox (badness 2990) in paragraph at lines 385--385
\OT1/ptm/m/n/12 ages''. In: \OT1/ptm/m/it/12 Med-i-cal Im-age Anal-y-sis \OT1/p
tm/m/n/12 56
 []


Underfull \hbox (badness 10000) in paragraph at lines 385--385
\OT1/ptm/m/n/12 and Ken Barker. ``To-wards Break-ing
 []


Underfull \hbox (badness 1910) in paragraph at lines 385--385
\OT1/ptm/m/n/12 the Curse of Di-men-sion-al-ity for High-
 []


Underfull \hbox (badness 10000) in paragraph at lines 385--385
\OT1/ptm/m/n/12 Dimensional Pri-vacy: An Ex-tended
 []

[7]
Underfull \hbox (badness 4403) in paragraph at lines 385--385
\OT1/ptm/m/n/12 train-ing by re-duc-ing in-ter-nal co-vari-ate
 []


Underfull \hbox (badness 2103) in paragraph at lines 385--385
\OT1/ptm/m/n/12 pp. 448{456. arXiv: $\OT1/pcr/m/n/12 arXiv : 1502 .
 []


Underfull \hbox (badness 2689) in paragraph at lines 385--385
[]\OT1/ptm/m/n/12 Rajiv K. Singh. \OT1/ptm/m/it/12 Fun-da-men-tals of nat-
 []


Underfull \hbox (badness 6510) in paragraph at lines 385--385
\OT1/ptm/m/it/12 u-ral rep-re-sen-ta-tion\OT1/ptm/m/n/12 . Vol. 9. 7. 2018.
 []


Underfull \hbox (badness 3635) in paragraph at lines 385--385
[]\OT1/ptm/m/n/12 Nigel Williams, Se-bas-tian Zan-der, and
 []


** Conference Paper **
Before submitting the final camera ready copy, remember to:

 1. Manually equalize the lengths of two columns on the last page
 of your paper;

 2. Ensure that any PostScript and/or PDF output post-processing
 uses only Type 1 fonts and that every step in the generation
 process uses the US letter (8.5in X 11in) paper size.

[8] (./ijcst.aux)

LaTeX Warning: There were undefined references.

Package logreq Info: Writing requests to 'ijcst.run.xml'.
\openout1 = `ijcst.run.xml'.

 ) 
Here is how much of TeX's memory you used:
 11692 strings out of 492167
 209093 string characters out of 6131558
 500641 words of memory out of 5000000
 15921 multiletter control sequences out of 15000+600000
 43846 words of font info for 85 fonts, out of 8000000 for 9000
 1141 hyphenation exceptions out of 8191
 47i,16n,49p,1454b,1386s stack positions out of 5000i,500n,10000p,200000b,80000s
{/usr/share/texmf-dist/fonts/enc/dvips/base/8r.enc}</usr/share/texmf-dist/fon
ts/type1/public/amsfonts/cm/cmex10.pfb></usr/share/texmf-dist/fonts/type1/publi
c/amsfonts/cm/cmmi12.pfb></usr/share/texmf-dist/fonts/type1/public/amsfonts/cm/
cmmi8.pfb></usr/share/texmf-dist/fonts/type1/public/amsfonts/cm/cmr10.pfb></usr
/share/texmf-dist/fonts/type1/public/amsfonts/cm/cmr12.pfb></usr/share/texmf-di
st/fonts/type1/public/amsfonts/cm/cmr8.pfb></usr/share/texmf-dist/fonts/type1/p
ublic/amsfonts/cm/cmsy10.pfb></usr/share/texmf-dist/fonts/type1/public/amsfonts
/cm/cmsy8.pfb></usr/share/texmf-dist/fonts/type1/urw/courier/ucrr8a.pfb></usr/s
hare/texmf-dist/fonts/type1/urw/times/utmb8a.pfb></usr/share/texmf-dist/fonts/t
ype1/urw/times/utmbi8a.pfb></usr/share/texmf-dist/fonts/type1/urw/times/utmr8a.
pfb></usr/share/texmf-dist/fonts/type1/urw/times/utmri8a.pfb>
Output written on ijcst.pdf (8 pages, 340399 bytes).
PDF statistics:
 101 PDF objects out of 1000 (max. 8388607)
 61 compressed objects within 1 object stream
 0 named destinations out of 1000 (max. 500000)
 41 words of extra memory for PDF output out of 10000 (max. 10000000)

